<?xml version="1.0" encoding="UTF-8"?>
<testsuite name="LongestIncreasingSubsequenceTests" tests="5" skipped="0" failures="0" errors="0" timestamp="2022-12-14T05:09:52" hostname="DESKTOP-ON87MVD" time="0.076">
  <properties/>
  <testcase name="TestCase_2_Should_Have_Expected_Result_For_All_Algorithms()" classname="LongestIncreasingSubsequenceTests" time="0.046"/>
  <testcase name="TestCase_3_Should_Have_Expected_Result_For_All_Algorithms()" classname="LongestIncreasingSubsequenceTests" time="0.005"/>
  <testcase name="TestCase_4_Should_Have_Expected_Result_For_All_Algorithms()" classname="LongestIncreasingSubsequenceTests" time="0.006"/>
  <testcase name="TestCase_5_Should_Have_Expected_Result_For_All_Algorithms()" classname="LongestIncreasingSubsequenceTests" time="0.007"/>
  <testcase name="TestCase_1_Should_Have_Expected_Result_For_All_Algorithms()" classname="LongestIncreasingSubsequenceTests" time="0.005"/>
  <system-out><![CDATA[TestCase2 Runtime: 
Brute Force: [2, 6, 7, -1, 3, 10, 0, 90, 50, 2] => Time taken: 224100 Nanoseconds.
DP: [2, 6, 7, -1, 3, 10, 0, 90, 50, 2] => Time taken: 3500 Nanoseconds.
Greedy: [2, 6, 7, -1, 3, 10, 0, 90, 50, 2] => Time taken: 12500 Nanoseconds.
TestCase3 Runtime: 
Brute Force: [3, 6, 9, 1, 7, 4, -3, -4, -90, 10, -5, 66] => Time taken: 200700 Nanoseconds.
DP: [3, 6, 9, 1, 7, 4, -3, -4, -90, 10, -5, 66] => Time taken: 8900 Nanoseconds.
Greedy: [3, 6, 9, 1, 7, 4, -3, -4, -90, 10, -5, 66] => Time taken: 16700 Nanoseconds.
TestCase4 Runtime: 
Brute Force: [100, 10, 15, 9, 16, 27, 6, 1000, 500, 710, 90, 26, 71, 928, -69, -5, -6, 0] => Time taken: 263800 Nanoseconds.
DP: [100, 10, 15, 9, 16, 27, 6, 1000, 500, 710, 90, 26, 71, 928, -69, -5, -6, 0] => Time taken: 9800 Nanoseconds.
Greedy: [100, 10, 15, 9, 16, 27, 6, 1000, 500, 710, 90, 26, 71, 928, -69, -5, -6, 0] => Time taken: 17800 Nanoseconds.
TestCase5 Runtime: 
Brute Force: [-90, -6, -100, -56, -101, -201, -99, -80, -70, -18, -10, -60, -1, -6] => Time taken: 1047500 Nanoseconds.
DP: [-90, -6, -100, -56, -101, -201, -99, -80, -70, -18, -10, -60, -1, -6] => Time taken: 23200 Nanoseconds.
Greedy: [-90, -6, -100, -56, -101, -201, -99, -80, -70, -18, -10, -60, -1, -6] => Time taken: 14100 Nanoseconds.
TestCase1 Runtime: 
Brute Force: [10, 9, 2, 5, 3, 7, 101, 18] => Time taken: 41900 Nanoseconds.
DP: [10, 9, 2, 5, 3, 7, 101, 18] => Time taken: 4700 Nanoseconds.
Greedy: [10, 9, 2, 5, 3, 7, 101, 18] => Time taken: 29000 Nanoseconds.
]]></system-out>
  <system-err><![CDATA[]]></system-err>
</testsuite>
