<?xml version="1.0" encoding="UTF-8"?>
<testsuite name="LongestIncreasingSubsequenceTests" tests="5" skipped="0" failures="0" errors="0" timestamp="2022-12-14T05:35:38" hostname="DESKTOP-ON87MVD" time="5.306">
  <properties/>
  <testcase name="TestCase_2_Should_Have_Expected_Result_For_All_Algorithms()" classname="LongestIncreasingSubsequenceTests" time="0.086"/>
  <testcase name="TestCase_3_Should_Have_Expected_Result_For_All_Algorithms()" classname="LongestIncreasingSubsequenceTests" time="0.04"/>
  <testcase name="TestCase_4_Should_Have_Expected_Result_For_All_Algorithms()" classname="LongestIncreasingSubsequenceTests" time="3.394"/>
  <testcase name="TestCase_5_Should_Have_Expected_Result_For_All_Algorithms()" classname="LongestIncreasingSubsequenceTests" time="1.771"/>
  <testcase name="TestCase_1_Should_Have_Expected_Result_For_All_Algorithms()" classname="LongestIncreasingSubsequenceTests" time="0.007"/>
  <system-out><![CDATA[TestCase2 Runtime: 
Brute Force: [123, 173, -104, 179, 214, 45, -207, 160, -18, -3, 152, -114, 5, -179, 164, 144, 134, -105, 243, 229, 148, 212, 180, -80, 94]
Time taken: 942200 Nanoseconds.
DP: [123, 173, -104, 179, 214, 45, -207, 160, -18, -3, 152, -114, 5, -179, 164, 144, 134, -105, 243, 229, 148, 212, 180, -80, 94]
Time taken: 76200 Nanoseconds.
Greedy: [123, 173, -104, 179, 214, 45, -207, 160, -18, -3, 152, -114, 5, -179, 164, 144, 134, -105, 243, 229, 148, 212, 180, -80, 94]
Time taken: 186200 Nanoseconds.

TestCase3 Runtime: 
Brute Force: [157, -147, 425, 255, 147, -38, -178, 138, 50, -199, 374, -449, 233, -16, -81, -288, 448, 200, -451, 426, -166, -27, -240, -244, 268, -242, -465, 129, 441, -269, -94, 176, 33, 15, -8, -404, 136, -421, -350, 481, -437, 187, -108, 484, 59, -208, -202, 273, 421, 163]
Time taken: 9939300 Nanoseconds.
DP: [157, -147, 425, 255, 147, -38, -178, 138, 50, -199, 374, -449, 233, -16, -81, -288, 448, 200, -451, 426, -166, -27, -240, -244, 268, -242, -465, 129, 441, -269, -94, 176, 33, 15, -8, -404, 136, -421, -350, 481, -437, 187, -108, 484, 59, -208, -202, 273, 421, 163]
Time taken: 70600 Nanoseconds.
Greedy: [157, -147, 425, 255, 147, -38, -178, 138, 50, -199, 374, -449, 233, -16, -81, -288, 448, 200, -451, 426, -166, -27, -240, -244, 268, -242, -465, 129, 441, -269, -94, 176, 33, 15, -8, -404, 136, -421, -350, 481, -437, 187, -108, 484, 59, -208, -202, 273, 421, 163]
Time taken: 667500 Nanoseconds.

TestCase4 Runtime: 
Brute Force: [-693, 442, 740, -334, -254, 652, -302, 563, -107, 531, 526, -709, 512, -116, -462, 701, -478, 712, 349, -682, -99, -594, -133, 364, 674, 426, 560, 0, -49, -325, 420, 419, 160, 220, -6, 14, 212, -22, -149, -197, -532, 675, -655, 499, 82, 61, 234, -101, 519, -108, -498, -446, 352, 211, 236, 65, -645, 159, -425, 619, 566, 403, -391, 464, 731, -98, 459, 324, -656, -694, -482, -181, 638, 394, 705]
Time taken: 1690729900 Nanoseconds.
DP: [-693, 442, 740, -334, -254, 652, -302, 563, -107, 531, 526, -709, 512, -116, -462, 701, -478, 712, 349, -682, -99, -594, -133, 364, 674, 426, 560, 0, -49, -325, 420, 419, 160, 220, -6, 14, 212, -22, -149, -197, -532, 675, -655, 499, 82, 61, 234, -101, 519, -108, -498, -446, 352, 211, 236, 65, -645, 159, -425, 619, 566, 403, -391, 464, 731, -98, 459, 324, -656, -694, -482, -181, 638, 394, 705]
Time taken: 83100 Nanoseconds.
Greedy: [-693, 442, 740, -334, -254, 652, -302, 563, -107, 531, 526, -709, 512, -116, -462, 701, -478, 712, 349, -682, -99, -594, -133, 364, 674, 426, 560, 0, -49, -325, 420, 419, 160, 220, -6, 14, 212, -22, -149, -197, -532, 675, -655, 499, 82, 61, 234, -101, 519, -108, -498, -446, 352, 211, 236, 65, -645, 159, -425, 619, 566, 403, -391, 464, 731, -98, 459, 324, -656, -694, -482, -181, 638, 394, 705]
Time taken: 647900 Nanoseconds.

TestCase5 Runtime: 
Brute Force: [12, 383, -795, 822, -145, -649, -251, -89, 97, 705, -249, -342, 324, 336, 637, 811, 354, -490, -583, 891, 423, -696, 301, -692, 801, -476, 516, 897, 179, 184, 395, 621, -796, 408, 214, 748, 66, 881, 98, -861, -132, 35, -824, 109, 673, -522, -177, 542, 108, 349, -148, -629, -525, 405, -283, -171, -366, -804, 824, 497, -447, 871, -164, 162, 450, -254, -733, -546, -36, -632, 45, 403, -502, -647, 71, 65, -98, -899, -95, -813, -61, 145, 469, 493, -322, 719, 361, -326, 555, -711]
Time taken: 818550800 Nanoseconds.
DP: [12, 383, -795, 822, -145, -649, -251, -89, 97, 705, -249, -342, 324, 336, 637, 811, 354, -490, -583, 891, 423, -696, 301, -692, 801, -476, 516, 897, 179, 184, 395, 621, -796, 408, 214, 748, 66, 881, 98, -861, -132, 35, -824, 109, 673, -522, -177, 542, 108, 349, -148, -629, -525, 405, -283, -171, -366, -804, 824, 497, -447, 871, -164, 162, 450, -254, -733, -546, -36, -632, 45, 403, -502, -647, 71, 65, -98, -899, -95, -813, -61, 145, 469, 493, -322, 719, 361, -326, 555, -711]
Time taken: 341400 Nanoseconds.
Greedy: [12, 383, -795, 822, -145, -649, -251, -89, 97, 705, -249, -342, 324, 336, 637, 811, 354, -490, -583, 891, 423, -696, 301, -692, 801, -476, 516, 897, 179, 184, 395, 621, -796, 408, 214, 748, 66, 881, 98, -861, -132, 35, -824, 109, 673, -522, -177, 542, 108, 349, -148, -629, -525, 405, -283, -171, -366, -804, 824, 497, -447, 871, -164, 162, 450, -254, -733, -546, -36, -632, 45, 403, -502, -647, 71, 65, -98, -899, -95, -813, -61, 145, 469, 493, -322, 719, 361, -326, 555, -711]
Time taken: 44900 Nanoseconds.

TestCase1 Runtime: 
Brute Force: [-60, 54, 77, -6, -47, -20, 76, 43, 60, 0]
Time taken: 21000 Nanoseconds.
DP: [-60, 54, 77, -6, -47, -20, 76, 43, 60, 0]
Time taken: 5800 Nanoseconds.
Greedy: [-60, 54, 77, -6, -47, -20, 76, 43, 60, 0]
Time taken: 8200 Nanoseconds.

]]></system-out>
  <system-err><![CDATA[]]></system-err>
</testsuite>
